This is pdfTeX, Version 3.1415926-2.5-1.40.14 (TeX Live 2013) (format=pdflatex 2013.5.30)  24 FEB 2014 15:38
entering extended mode
 restricted \write18 enabled.
 %&-line parsing enabled.
**status_report_2.tex -recorder
(./status_report_2.tex
LaTeX2e <2011/06/27>
Babel <3.9f> and hyphenation patterns for 78 languages loaded.
(/usr/local/texlive/2013/texmf-dist/tex/latex/base/article.cls
Document Class: article 2007/10/19 v1.4h Standard LaTeX document class
(/usr/local/texlive/2013/texmf-dist/tex/latex/base/size10.clo
File: size10.clo 2007/10/19 v1.4h Standard LaTeX file (size option)
)
\c@part=\count79
\c@section=\count80
\c@subsection=\count81
\c@subsubsection=\count82
\c@paragraph=\count83
\c@subparagraph=\count84
\c@figure=\count85
\c@table=\count86
\abovecaptionskip=\skip41
\belowcaptionskip=\skip42
\bibindent=\dimen102
)
(/usr/local/texlive/2013/texmf-dist/tex/latex/tools/tabularx.sty
Package: tabularx 1999/01/07 v2.07 `tabularx' package (DPC)

(/usr/local/texlive/2013/texmf-dist/tex/latex/tools/array.sty
Package: array 2008/09/09 v2.4c Tabular extension package (FMi)
\col@sep=\dimen103
\extrarowheight=\dimen104
\NC@list=\toks14
\extratabsurround=\skip43
\backup@length=\skip44
)
\TX@col@width=\dimen105
\TX@old@table=\dimen106
\TX@old@col=\dimen107
\TX@target=\dimen108
\TX@delta=\dimen109
\TX@cols=\count87
\TX@ftn=\toks15
)
(./status_report_2.aux)
\openout1 = `status_report_2.aux'.

LaTeX Font Info:    Checking defaults for OML/cmm/m/it on input line 11.
LaTeX Font Info:    ... okay on input line 11.
LaTeX Font Info:    Checking defaults for T1/cmr/m/n on input line 11.
LaTeX Font Info:    ... okay on input line 11.
LaTeX Font Info:    Checking defaults for OT1/cmr/m/n on input line 11.
LaTeX Font Info:    ... okay on input line 11.
LaTeX Font Info:    Checking defaults for OMS/cmsy/m/n on input line 11.
LaTeX Font Info:    ... okay on input line 11.
LaTeX Font Info:    Checking defaults for OMX/cmex/m/n on input line 11.
LaTeX Font Info:    ... okay on input line 11.
LaTeX Font Info:    Checking defaults for U/cmr/m/n on input line 11.
LaTeX Font Info:    ... okay on input line 11.
LaTeX Font Info:    External font `cmex10' loaded for size
(Font)              <12> on input line 15.
LaTeX Font Info:    External font `cmex10' loaded for size
(Font)              <8> on input line 15.
LaTeX Font Info:    External font `cmex10' loaded for size
(Font)              <6> on input line 15.
 [1

{/usr/local/texlive/2013/texmf-var/fonts/map/pdftex/updmap/pdftex.map}] (./stat
us_report_2.toc
LaTeX Font Info:    External font `cmex10' loaded for size
(Font)              <7> on input line 5.
LaTeX Font Info:    External font `cmex10' loaded for size
(Font)              <5> on input line 5.
 [2

])
\tf@toc=\write3
\openout3 = `status_report_2.toc'.

 [3] [4]
Missing character: There is no ‚ in font cmr10!
Missing character: There is no Ä in font cmr10!
Missing character: There is no ú in font cmr10!
Missing character: There is no ‚ in font cmr10!
Missing character: There is no Ä in font cmr10!
Missing character: There is no ù in font cmr10!
 [5]
Missing character: There is no ‚ in font cmr10!
Missing character: There is no Ä in font cmr10!
Missing character: There is no ô in font cmr10!
Missing character: There is no ‚ in font cmr10!
Missing character: There is no Ä in font cmr10!
Missing character: There is no ô in font cmr10!
Missing character: There is no ‚ in font cmr10!
Missing character: There is no Ä in font cmr10!
Missing character: There is no ô in font cmr10!
Missing character: There is no ‚ in font cmr10!
Missing character: There is no Ä in font cmr10!
Missing character: There is no ô in font cmr10!
Missing character: There is no ‚ in font cmr10!
Missing character: There is no Ä in font cmr10!
Missing character: There is no ô in font cmr10!
 [6] [7] [8] [9]
[10] [11]
Underfull \hbox (badness 10000) in paragraph at lines 117--117
[]|\OT1/cmr/m/n/10 Theoretical
 []


Underfull \hbox (badness 10000) in paragraph at lines 117--117
\OT1/cmr/m/n/10 Load-ing
 []


Underfull \hbox (badness 10000) in paragraph at lines 117--117
[]|\OT1/cmr/m/n/10 GDL Ini-tial
 []


Underfull \hbox (badness 10000) in paragraph at lines 117--117
[]|\OT1/cmr/m/n/10 GDL Fi-nal
 []


Underfull \hbox (badness 10000) in paragraph at lines 117--117
[]|\OT1/cmr/m/n/10 Spray Ef-fi-
 []


Overfull \hbox (5.31024pt too wide) in paragraph at lines 117--117
\OT1/cmr/m/n/10 ciency/Recovery
 []


Underfull \hbox (badness 10000) in paragraph at lines 117--117
[]|\OT1/cmr/m/n/10 Actual Load-
 []

[12] [13] [14] (./status_report_2.aux) ) 
Here is how much of TeX's memory you used:
 331 strings out of 493315
 3781 string characters out of 6137904
 60294 words of memory out of 5000000
 3848 multiletter control sequences out of 15000+600000
 7895 words of font info for 28 fonts, out of 8000000 for 9000
 957 hyphenation exceptions out of 8191
 23i,14n,18p,1411b,281s stack positions out of 5000i,500n,10000p,200000b,80000s
</usr/local/texlive/2013/texmf-dist/fon
ts/type1/public/amsfonts/cm/cmbx10.pfb></usr/local/texlive/2013/texmf-dist/font
s/type1/public/amsfonts/cm/cmbx12.pfb></usr/local/texlive/2013/texmf-dist/fonts
/type1/public/amsfonts/cm/cmmi10.pfb></usr/local/texlive/2013/texmf-dist/fonts/
type1/public/amsfonts/cm/cmr10.pfb></usr/local/texlive/2013/texmf-dist/fonts/ty
pe1/public/amsfonts/cm/cmr12.pfb></usr/local/texlive/2013/texmf-dist/fonts/type
1/public/amsfonts/cm/cmr17.pfb></usr/local/texlive/2013/texmf-dist/fonts/type1/
public/amsfonts/cm/cmr7.pfb></usr/local/texlive/2013/texmf-dist/fonts/type1/pub
lic/amsfonts/cm/cmsy10.pfb></usr/local/texlive/2013/texmf-dist/fonts/type1/publ
ic/amsfonts/cm/cmsy7.pfb>
Output written on status_report_2.pdf (14 pages, 135693 bytes).
PDF statistics:
 86 PDF objects out of 1000 (max. 8388607)
 60 compressed objects within 1 object stream
 0 named destinations out of 1000 (max. 500000)
 1 words of extra memory for PDF output out of 10000 (max. 10000000)

